2021-11-26 14:58:01.785  INFO 5052 --- [main] com.example.Application                  : Starting Application on LAPTOP-K6VBRD3K with PID 5052 (C:\Users\User_OpenSh\Documents\GitHub\spring-fruits\target\classes started by User_OpenSh in C:\Users\User_OpenSh\Documents\GitHub\spring-fruits)
2021-11-26 14:58:01.788  INFO 5052 --- [main] com.example.Application                  : No active profile set, falling back to default profiles: default
2021-11-26 14:58:02.487  INFO 5052 --- [main] .s.d.r.c.RepositoryConfigurationDelegate : Bootstrapping Spring Data JPA repositories in DEFERRED mode.
2021-11-26 14:58:02.539  INFO 5052 --- [main] .s.d.r.c.RepositoryConfigurationDelegate : Finished Spring Data repository scanning in 43ms. Found 1 JPA repository interfaces.
2021-11-26 14:58:02.973  INFO 5052 --- [main] o.s.b.w.embedded.tomcat.TomcatWebServer  : Tomcat initialized with port(s): 8080 (http)
2021-11-26 14:58:02.981  INFO 5052 --- [main] o.apache.catalina.core.StandardService   : Starting service [Tomcat]
2021-11-26 14:58:02.981  INFO 5052 --- [main] org.apache.catalina.core.StandardEngine  : Starting Servlet engine: [Apache Tomcat/9.0.36.redhat-5]
2021-11-26 14:58:03.060  INFO 5052 --- [main] o.a.c.c.C.[Tomcat].[localhost].[/]       : Initializing Spring embedded WebApplicationContext
2021-11-26 14:58:03.061  INFO 5052 --- [main] w.s.c.ServletWebServerApplicationContext : Root WebApplicationContext: initialization completed in 1231 ms
2021-11-26 14:58:03.303  INFO 5052 --- [main] o.s.s.concurrent.ThreadPoolTaskExecutor  : Initializing ExecutorService 'applicationTaskExecutor'
2021-11-26 14:58:03.342  INFO 5052 --- [task-1] o.hibernate.jpa.internal.util.LogHelper  : HHH000204: Processing PersistenceUnitInfo [name: default]
2021-11-26 14:58:03.392  WARN 5052 --- [main] JpaBaseConfiguration$JpaWebConfiguration : spring.jpa.open-in-view is enabled by default. Therefore, database queries may be performed during view rendering. Explicitly configure spring.jpa.open-in-view to disable this warning
2021-11-26 14:58:03.424  INFO 5052 --- [task-1] org.hibernate.Version                    : HHH000412: Hibernate Core {5.4.2.Final}
2021-11-26 14:58:03.589  INFO 5052 --- [main] o.s.b.a.w.s.WelcomePageHandlerMapping    : Adding welcome page: class path resource [static/index.html]
2021-11-26 14:58:03.598  INFO 5052 --- [task-1] o.hibernate.annotations.common.Version   : HCANN000001: Hibernate Commons Annotations {5.1.0.Final}
2021-11-26 14:58:03.709  INFO 5052 --- [task-1] com.zaxxer.hikari.HikariDataSource       : HikariPool-1 - Starting...
2021-11-26 14:58:03.913  INFO 5052 --- [main] o.s.b.a.e.web.EndpointLinksResolver      : Exposing 2 endpoint(s) beneath base path '/actuator'
2021-11-26 14:58:03.949  INFO 5052 --- [task-1] com.zaxxer.hikari.HikariDataSource       : HikariPool-1 - Start completed.
2021-11-26 14:58:03.969  INFO 5052 --- [task-1] org.hibernate.dialect.Dialect            : HHH000400: Using dialect: org.hibernate.dialect.PostgreSQL10Dialect
2021-11-26 14:58:04.630  INFO 5052 --- [task-1] o.h.t.schema.internal.SchemaCreatorImpl  : HHH000476: Executing import script 'file:/C:/Users/User_OpenSh/Documents/GitHub/spring-fruits/target/classes/import.sql'
2021-11-26 14:58:04.634  INFO 5052 --- [task-1] o.h.e.t.j.p.i.JtaPlatformInitiator       : HHH000490: Using JtaPlatform implementation: [org.hibernate.engine.transaction.jta.platform.internal.NoJtaPlatform]
2021-11-26 14:58:04.637  INFO 5052 --- [task-1] j.LocalContainerEntityManagerFactoryBean : Initialized JPA EntityManagerFactory for persistence unit 'default'
2021-11-26 14:58:04.677  INFO 5052 --- [main] o.s.b.w.embedded.tomcat.TomcatWebServer  : Tomcat started on port(s): 8080 (http) with context path ''
2021-11-26 14:58:04.678  INFO 5052 --- [main] DeferredRepositoryInitializationListener : Triggering deferred initialization of Spring Data repositories…
2021-11-26 14:58:04.864  INFO 5052 --- [main] DeferredRepositoryInitializationListener : Spring Data repositories initialized!
2021-11-26 14:58:04.875  INFO 5052 --- [main] com.example.Application                  : Started Application in 3.403 seconds (JVM running for 4.289)
2021-11-26 14:58:06.003  INFO 5052 --- [http-nio-8080-exec-1] o.a.c.c.C.[Tomcat].[localhost].[/]       : Initializing Spring DispatcherServlet 'dispatcherServlet'
2021-11-26 14:58:06.003  INFO 5052 --- [http-nio-8080-exec-1] o.s.web.servlet.DispatcherServlet        : Initializing Servlet 'dispatcherServlet'
2021-11-26 14:58:06.010  INFO 5052 --- [http-nio-8080-exec-1] o.s.web.servlet.DispatcherServlet        : Completed initialization in 7 ms
2021-11-26 15:20:18.464  INFO 5052 --- [RMI TCP Connection(26)-127.0.0.1] inMXBeanRegistrar$SpringApplicationAdmin : Application shutdown requested.
2021-11-26 15:20:18.511  INFO 5052 --- [RMI TCP Connection(26)-127.0.0.1] j.LocalContainerEntityManagerFactoryBean : Closing JPA EntityManagerFactory for persistence unit 'default'
2021-11-26 15:20:18.514  INFO 5052 --- [RMI TCP Connection(26)-127.0.0.1] o.s.s.concurrent.ThreadPoolTaskExecutor  : Shutting down ExecutorService 'applicationTaskExecutor'
2021-11-26 15:20:18.516  INFO 5052 --- [RMI TCP Connection(26)-127.0.0.1] com.zaxxer.hikari.HikariDataSource       : HikariPool-1 - Shutdown initiated...
2021-11-26 15:20:18.533  INFO 5052 --- [RMI TCP Connection(26)-127.0.0.1] com.zaxxer.hikari.HikariDataSource       : HikariPool-1 - Shutdown completed.
